<?xml version="1.0" encoding="UTF-8" ?>
<testsuite tests="1" failures="0" name="org.infinispan.query.example.BikeStationsResourceTestCase" time="3.44" errors="1" skipped="0">
  <properties>
[...]
</properties>
  <testcase classname="org.infinispan.query.example.BikeStationsResourceTestCase" name="org.infinispan.query.example.BikeStationsResourceTestCase" time="3.44">
    <error message="Cannot deploy: test.war" type="org.jboss.arquillian.container.spi.client.container.DeploymentException">org.jboss.arquillian.container.spi.client.container.DeploymentException: Cannot deploy: test.war
	at org.jboss.as.arquillian.container.ArchiveDeployer.deployInternal(ArchiveDeployer.java:83)
	at org.jboss.as.arquillian.container.ArchiveDeployer.deployInternal(ArchiveDeployer.java:64)
	at org.jboss.as.arquillian.container.ArchiveDeployer.deploy(ArchiveDeployer.java:46)
	at org.jboss.as.arquillian.container.CommonDeployableContainer.deploy(CommonDeployableContainer.java:146)
	at org.jboss.arquillian.container.impl.client.container.ContainerDeployController$3.call(ContainerDeployController.java:161)
	at org.jboss.arquillian.container.impl.client.container.ContainerDeployController$3.call(ContainerDeployController.java:128)
	at org.jboss.arquillian.container.impl.client.container.ContainerDeployController.executeOperation(ContainerDeployController.java:271)
	at org.jboss.arquillian.container.impl.client.container.ContainerDeployController.deploy(ContainerDeployController.java:127)
	at sun.reflect.NativeMethodAccessorImpl.invoke0(Native Method)
	at sun.reflect.NativeMethodAccessorImpl.invoke(NativeMethodAccessorImpl.java:62)
	at sun.reflect.DelegatingMethodAccessorImpl.invoke(DelegatingMethodAccessorImpl.java:43)
	at java.lang.reflect.Method.invoke(Method.java:483)
	at org.jboss.arquillian.core.impl.ObserverImpl.invoke(ObserverImpl.java:94)
	at org.jboss.arquillian.core.impl.EventContextImpl.invokeObservers(EventContextImpl.java:99)
	at org.jboss.arquillian.core.impl.EventContextImpl.proceed(EventContextImpl.java:81)
	at org.jboss.arquillian.container.impl.client.ContainerDeploymentContextHandler.createDeploymentContext(ContainerDeploymentContextHandler.java:78)
	at sun.reflect.NativeMethodAccessorImpl.invoke0(Native Method)
	at sun.reflect.NativeMethodAccessorImpl.invoke(NativeMethodAccessorImpl.java:62)
	at sun.reflect.DelegatingMethodAccessorImpl.invoke(DelegatingMethodAccessorImpl.java:43)
	at java.lang.reflect.Method.invoke(Method.java:483)
	at org.jboss.arquillian.core.impl.ObserverImpl.invoke(ObserverImpl.java:94)
	at org.jboss.arquillian.core.impl.EventContextImpl.proceed(EventContextImpl.java:88)
	at org.jboss.arquillian.container.impl.client.ContainerDeploymentContextHandler.createContainerContext(ContainerDeploymentContextHandler.java:57)
	at sun.reflect.NativeMethodAccessorImpl.invoke0(Native Method)
	at sun.reflect.NativeMethodAccessorImpl.invoke(NativeMethodAccessorImpl.java:62)
	at sun.reflect.DelegatingMethodAccessorImpl.invoke(DelegatingMethodAccessorImpl.java:43)
	at java.lang.reflect.Method.invoke(Method.java:483)
	at org.jboss.arquillian.core.impl.ObserverImpl.invoke(ObserverImpl.java:94)
	at org.jboss.arquillian.core.impl.EventContextImpl.proceed(EventContextImpl.java:88)
	at org.jboss.arquillian.container.impl.client.container.DeploymentExceptionHandler.verifyExpectedExceptionDuringDeploy(DeploymentExceptionHandler.java:50)
	at sun.reflect.NativeMethodAccessorImpl.invoke0(Native Method)
	at sun.reflect.NativeMethodAccessorImpl.invoke(NativeMethodAccessorImpl.java:62)
	at sun.reflect.DelegatingMethodAccessorImpl.invoke(DelegatingMethodAccessorImpl.java:43)
	at java.lang.reflect.Method.invoke(Method.java:483)
	at org.jboss.arquillian.core.impl.ObserverImpl.invoke(ObserverImpl.java:94)
	at org.jboss.arquillian.core.impl.EventContextImpl.proceed(EventContextImpl.java:88)
	at org.jboss.arquillian.core.impl.ManagerImpl.fire(ManagerImpl.java:135)
	at org.jboss.arquillian.core.impl.ManagerImpl.fire(ManagerImpl.java:115)
	at org.jboss.arquillian.core.impl.EventImpl.fire(EventImpl.java:67)
	at org.jboss.arquillian.container.impl.client.container.ContainerDeployController$1.perform(ContainerDeployController.java:95)
	at org.jboss.arquillian.container.impl.client.container.ContainerDeployController$1.perform(ContainerDeployController.java:80)
	at org.jboss.arquillian.container.impl.client.container.ContainerDeployController.forEachDeployment(ContainerDeployController.java:263)
	at org.jboss.arquillian.container.impl.client.container.ContainerDeployController.forEachManagedDeployment(ContainerDeployController.java:239)
	at org.jboss.arquillian.container.impl.client.container.ContainerDeployController.deployManaged(ContainerDeployController.java:79)
	at sun.reflect.NativeMethodAccessorImpl.invoke0(Native Method)
	at sun.reflect.NativeMethodAccessorImpl.invoke(NativeMethodAccessorImpl.java:62)
	at sun.reflect.DelegatingMethodAccessorImpl.invoke(DelegatingMethodAccessorImpl.java:43)
	at java.lang.reflect.Method.invoke(Method.java:483)
	at org.jboss.arquillian.core.impl.ObserverImpl.invoke(ObserverImpl.java:94)
	at org.jboss.arquillian.core.impl.EventContextImpl.invokeObservers(EventContextImpl.java:99)
	at org.jboss.arquillian.core.impl.EventContextImpl.proceed(EventContextImpl.java:81)
	at org.jboss.arquillian.core.impl.ManagerImpl.fire(ManagerImpl.java:135)
	at org.jboss.arquillian.core.impl.ManagerImpl.fire(ManagerImpl.java:115)
	at org.jboss.arquillian.core.impl.EventImpl.fire(EventImpl.java:67)
	at org.jboss.arquillian.container.test.impl.client.ContainerEventController.execute(ContainerEventController.java:101)
	at sun.reflect.NativeMethodAccessorImpl.invoke0(Native Method)
	at sun.reflect.NativeMethodAccessorImpl.invoke(NativeMethodAccessorImpl.java:62)
	at sun.reflect.DelegatingMethodAccessorImpl.invoke(DelegatingMethodAccessorImpl.java:43)
	at java.lang.reflect.Method.invoke(Method.java:483)
	at org.jboss.arquillian.core.impl.ObserverImpl.invoke(ObserverImpl.java:94)
	at org.jboss.arquillian.core.impl.EventContextImpl.invokeObservers(EventContextImpl.java:99)
	at org.jboss.arquillian.core.impl.EventContextImpl.proceed(EventContextImpl.java:81)
	at org.jboss.arquillian.test.impl.TestContextHandler.createClassContext(TestContextHandler.java:84)
	at sun.reflect.NativeMethodAccessorImpl.invoke0(Native Method)
	at sun.reflect.NativeMethodAccessorImpl.invoke(NativeMethodAccessorImpl.java:62)
	at sun.reflect.DelegatingMethodAccessorImpl.invoke(DelegatingMethodAccessorImpl.java:43)
	at java.lang.reflect.Method.invoke(Method.java:483)
	at org.jboss.arquillian.core.impl.ObserverImpl.invoke(ObserverImpl.java:94)
	at org.jboss.arquillian.core.impl.EventContextImpl.proceed(EventContextImpl.java:88)
	at org.jboss.arquillian.test.impl.TestContextHandler.createSuiteContext(TestContextHandler.java:65)
	at sun.reflect.NativeMethodAccessorImpl.invoke0(Native Method)
	at sun.reflect.NativeMethodAccessorImpl.invoke(NativeMethodAccessorImpl.java:62)
	at sun.reflect.DelegatingMethodAccessorImpl.invoke(DelegatingMethodAccessorImpl.java:43)
	at java.lang.reflect.Method.invoke(Method.java:483)
	at org.jboss.arquillian.core.impl.ObserverImpl.invoke(ObserverImpl.java:94)
	at org.jboss.arquillian.core.impl.EventContextImpl.proceed(EventContextImpl.java:88)
	at org.jboss.arquillian.core.impl.ManagerImpl.fire(ManagerImpl.java:135)
	at org.jboss.arquillian.core.impl.ManagerImpl.fire(ManagerImpl.java:115)
	at org.jboss.arquillian.test.impl.EventTestRunnerAdaptor.beforeClass(EventTestRunnerAdaptor.java:80)
	at org.jboss.arquillian.junit.Arquillian$2.evaluate(Arquillian.java:182)
	at org.jboss.arquillian.junit.Arquillian.multiExecute(Arquillian.java:314)
	at org.jboss.arquillian.junit.Arquillian.access$100(Arquillian.java:46)
	at org.jboss.arquillian.junit.Arquillian$3.evaluate(Arquillian.java:199)
	at org.junit.runners.ParentRunner.run(ParentRunner.java:309)
	at org.jboss.arquillian.junit.Arquillian.run(Arquillian.java:147)
	at org.apache.maven.surefire.junit4.JUnit4Provider.execute(JUnit4Provider.java:236)
	at org.apache.maven.surefire.junit4.JUnit4Provider.executeTestSet(JUnit4Provider.java:134)
	at org.apache.maven.surefire.junit4.JUnit4Provider.invoke(JUnit4Provider.java:113)
	at sun.reflect.NativeMethodAccessorImpl.invoke0(Native Method)
	at sun.reflect.NativeMethodAccessorImpl.invoke(NativeMethodAccessorImpl.java:62)
	at sun.reflect.DelegatingMethodAccessorImpl.invoke(DelegatingMethodAccessorImpl.java:43)
	at java.lang.reflect.Method.invoke(Method.java:483)
	at org.apache.maven.surefire.util.ReflectionUtils.invokeMethodWithArray(ReflectionUtils.java:189)
	at org.apache.maven.surefire.booter.ProviderFactory$ProviderProxy.invoke(ProviderFactory.java:165)
	at org.apache.maven.surefire.booter.ProviderFactory.invokeProvider(ProviderFactory.java:85)
	at org.apache.maven.surefire.booter.ForkedBooter.runSuitesInProcess(ForkedBooter.java:103)
	at org.apache.maven.surefire.booter.ForkedBooter.main(ForkedBooter.java:74)
Caused by: java.lang.Exception: {&quot;JBAS014671: Failed services&quot; =&gt; {&quot;jboss.deployment.unit.\&quot;test.war\&quot;.component.BikeStationService.START&quot; =&gt; &quot;org.jboss.msc.service.StartException in service jboss.deployment.unit.\&quot;test.war\&quot;.component.BikeStationService.START: java.lang.IllegalStateException: JBAS011048: Failed to construct component instance
    Caused by: java.lang.IllegalStateException: JBAS011048: Failed to construct component instance
    Caused by: javax.ejb.EJBException: java.lang.IllegalArgumentException: Can not set org.infinispan.manager.EmbeddedCacheManager field org.infinispan.query.example.datastorage.CacheProvider.cacheManager to org.jboss.as.clustering.infinispan.DefaultCacheContainer
    Caused by: java.lang.IllegalArgumentException: Can not set org.infinispan.manager.EmbeddedCacheManager field org.infinispan.query.example.datastorage.CacheProvider.cacheManager to org.jboss.as.clustering.infinispan.DefaultCacheContainer&quot;}}
	at org.jboss.as.controller.client.helpers.standalone.impl.ServerDeploymentPlanResultFuture.getActionResult(ServerDeploymentPlanResultFuture.java:134)
	at org.jboss.as.controller.client.helpers.standalone.impl.ServerDeploymentPlanResultFuture.getResultFromNode(ServerDeploymentPlanResultFuture.java:123)
	at org.jboss.as.controller.client.helpers.standalone.impl.ServerDeploymentPlanResultFuture.get(ServerDeploymentPlanResultFuture.java:85)
	at org.jboss.as.controller.client.helpers.standalone.impl.ServerDeploymentPlanResultFuture.get(ServerDeploymentPlanResultFuture.java:42)
	at org.jboss.as.controller.client.helpers.standalone.ServerDeploymentHelper.deploy(ServerDeploymentHelper.java:55)
	at org.jboss.as.arquillian.container.ArchiveDeployer.deployInternal(ArchiveDeployer.java:77)
	... 96 more
</error>
    <system-out>21:30:17.953 WARN  - Cannot undeploy: test.war
org.jboss.as.controller.client.helpers.standalone.ServerDeploymentHelper$ServerDeploymentException: java.lang.Exception: &quot;JBAS014807: Management resource &apos;[(\&quot;deployment\&quot; =&gt; \&quot;test.war\&quot;)]&apos; not found&quot;
	at org.jboss.as.controller.client.helpers.standalone.ServerDeploymentHelper.undeploy(ServerDeploymentHelper.java:114) ~[wildfly-controller-client-8.1.0.Final.jar:8.1.0.Final]
	at org.jboss.as.arquillian.container.ArchiveDeployer.undeploy(ArchiveDeployer.java:55) ~[wildfly-arquillian-common-8.1.0.Final.jar:8.1.0.Final]
	at org.jboss.as.arquillian.container.CommonDeployableContainer.undeploy(CommonDeployableContainer.java:152) ~[wildfly-arquillian-common-8.1.0.Final.jar:8.1.0.Final]
	at org.jboss.arquillian.container.impl.client.container.ContainerDeployController$4.call(ContainerDeployController.java:205) ~[arquillian-container-impl-base-1.1.2.Final-wildfly-1.jar:1.1.2.Final-wildfly-1]
	at org.jboss.arquillian.container.impl.client.container.ContainerDeployController$4.call(ContainerDeployController.java:185) ~[arquillian-container-impl-base-1.1.2.Final-wildfly-1.jar:1.1.2.Final-wildfly-1]
	at org.jboss.arquillian.container.impl.client.container.ContainerDeployController.executeOperation(ContainerDeployController.java:271) [arquillian-container-impl-base-1.1.2.Final-wildfly-1.jar:1.1.2.Final-wildfly-1]
	at org.jboss.arquillian.container.impl.client.container.ContainerDeployController.undeploy(ContainerDeployController.java:184) [arquillian-container-impl-base-1.1.2.Final-wildfly-1.jar:1.1.2.Final-wildfly-1]
	at sun.reflect.NativeMethodAccessorImpl.invoke0(Native Method) ~[na:1.8.0_11]
	at sun.reflect.NativeMethodAccessorImpl.invoke(NativeMethodAccessorImpl.java:62) ~[na:1.8.0_11]
	at sun.reflect.DelegatingMethodAccessorImpl.invoke(DelegatingMethodAccessorImpl.java:43) ~[na:1.8.0_11]
	at java.lang.reflect.Method.invoke(Method.java:483) ~[na:1.8.0_11]
	at org.jboss.arquillian.core.impl.ObserverImpl.invoke(ObserverImpl.java:94) [arquillian-core-impl-base-1.1.2.Final-wildfly-1.jar:1.1.2.Final-wildfly-1]
	at org.jboss.arquillian.core.impl.EventContextImpl.invokeObservers(EventContextImpl.java:99) [arquillian-core-impl-base-1.1.2.Final-wildfly-1.jar:1.1.2.Final-wildfly-1]
	at org.jboss.arquillian.core.impl.EventContextImpl.proceed(EventContextImpl.java:81) [arquillian-core-impl-base-1.1.2.Final-wildfly-1.jar:1.1.2.Final-wildfly-1]
	at org.jboss.arquillian.container.impl.client.ContainerDeploymentContextHandler.createDeploymentContext(ContainerDeploymentContextHandler.java:78) [arquillian-container-impl-base-1.1.2.Final-wildfly-1.jar:1.1.2.Final-wildfly-1]
	at sun.reflect.NativeMethodAccessorImpl.invoke0(Native Method) ~[na:1.8.0_11]
	at sun.reflect.NativeMethodAccessorImpl.invoke(NativeMethodAccessorImpl.java:62) ~[na:1.8.0_11]
	at sun.reflect.DelegatingMethodAccessorImpl.invoke(DelegatingMethodAccessorImpl.java:43) ~[na:1.8.0_11]
	at java.lang.reflect.Method.invoke(Method.java:483) ~[na:1.8.0_11]
	at org.jboss.arquillian.core.impl.ObserverImpl.invoke(ObserverImpl.java:94) [arquillian-core-impl-base-1.1.2.Final-wildfly-1.jar:1.1.2.Final-wildfly-1]
	at org.jboss.arquillian.core.impl.EventContextImpl.proceed(EventContextImpl.java:88) [arquillian-core-impl-base-1.1.2.Final-wildfly-1.jar:1.1.2.Final-wildfly-1]
	at org.jboss.arquillian.container.impl.client.ContainerDeploymentContextHandler.createContainerContext(ContainerDeploymentContextHandler.java:57) [arquillian-container-impl-base-1.1.2.Final-wildfly-1.jar:1.1.2.Final-wildfly-1]
	at sun.reflect.NativeMethodAccessorImpl.invoke0(Native Method) ~[na:1.8.0_11]
	at sun.reflect.NativeMethodAccessorImpl.invoke(NativeMethodAccessorImpl.java:62) ~[na:1.8.0_11]
	at sun.reflect.DelegatingMethodAccessorImpl.invoke(DelegatingMethodAccessorImpl.java:43) ~[na:1.8.0_11]
	at java.lang.reflect.Method.invoke(Method.java:483) ~[na:1.8.0_11]
	at org.jboss.arquillian.core.impl.ObserverImpl.invoke(ObserverImpl.java:94) [arquillian-core-impl-base-1.1.2.Final-wildfly-1.jar:1.1.2.Final-wildfly-1]
	at org.jboss.arquillian.core.impl.EventContextImpl.proceed(EventContextImpl.java:88) [arquillian-core-impl-base-1.1.2.Final-wildfly-1.jar:1.1.2.Final-wildfly-1]
	at org.jboss.arquillian.core.impl.ManagerImpl.fire(ManagerImpl.java:135) [arquillian-core-impl-base-1.1.2.Final-wildfly-1.jar:1.1.2.Final-wildfly-1]
	at org.jboss.arquillian.core.impl.ManagerImpl.fire(ManagerImpl.java:115) [arquillian-core-impl-base-1.1.2.Final-wildfly-1.jar:1.1.2.Final-wildfly-1]
	at org.jboss.arquillian.core.impl.EventImpl.fire(EventImpl.java:67) [arquillian-core-impl-base-1.1.2.Final-wildfly-1.jar:1.1.2.Final-wildfly-1]
	at org.jboss.arquillian.container.impl.client.container.ContainerDeployController$2.perform(ContainerDeployController.java:119) [arquillian-container-impl-base-1.1.2.Final-wildfly-1.jar:1.1.2.Final-wildfly-1]
	at org.jboss.arquillian.container.impl.client.container.ContainerDeployController$2.perform(ContainerDeployController.java:110) [arquillian-container-impl-base-1.1.2.Final-wildfly-1.jar:1.1.2.Final-wildfly-1]
	at org.jboss.arquillian.container.impl.client.container.ContainerDeployController.forEachDeployment(ContainerDeployController.java:263) [arquillian-container-impl-base-1.1.2.Final-wildfly-1.jar:1.1.2.Final-wildfly-1]
	at org.jboss.arquillian.container.impl.client.container.ContainerDeployController.forEachDeployedDeployment(ContainerDeployController.java:249) [arquillian-container-impl-base-1.1.2.Final-wildfly-1.jar:1.1.2.Final-wildfly-1]
	at org.jboss.arquillian.container.impl.client.container.ContainerDeployController.undeployManaged(ContainerDeployController.java:109) [arquillian-container-impl-base-1.1.2.Final-wildfly-1.jar:1.1.2.Final-wildfly-1]
	at sun.reflect.NativeMethodAccessorImpl.invoke0(Native Method) ~[na:1.8.0_11]
	at sun.reflect.NativeMethodAccessorImpl.invoke(NativeMethodAccessorImpl.java:62) ~[na:1.8.0_11]
	at sun.reflect.DelegatingMethodAccessorImpl.invoke(DelegatingMethodAccessorImpl.java:43) ~[na:1.8.0_11]
	at java.lang.reflect.Method.invoke(Method.java:483) ~[na:1.8.0_11]
	at org.jboss.arquillian.core.impl.ObserverImpl.invoke(ObserverImpl.java:94) [arquillian-core-impl-base-1.1.2.Final-wildfly-1.jar:1.1.2.Final-wildfly-1]
	at org.jboss.arquillian.core.impl.EventContextImpl.invokeObservers(EventContextImpl.java:99) [arquillian-core-impl-base-1.1.2.Final-wildfly-1.jar:1.1.2.Final-wildfly-1]
	at org.jboss.arquillian.core.impl.EventContextImpl.proceed(EventContextImpl.java:81) [arquillian-core-impl-base-1.1.2.Final-wildfly-1.jar:1.1.2.Final-wildfly-1]
	at org.jboss.arquillian.core.impl.ManagerImpl.fire(ManagerImpl.java:135) [arquillian-core-impl-base-1.1.2.Final-wildfly-1.jar:1.1.2.Final-wildfly-1]
	at org.jboss.arquillian.core.impl.ManagerImpl.fire(ManagerImpl.java:115) [arquillian-core-impl-base-1.1.2.Final-wildfly-1.jar:1.1.2.Final-wildfly-1]
	at org.jboss.arquillian.core.impl.EventImpl.fire(EventImpl.java:67) [arquillian-core-impl-base-1.1.2.Final-wildfly-1.jar:1.1.2.Final-wildfly-1]
	at org.jboss.arquillian.container.test.impl.client.ContainerEventController.execute(ContainerEventController.java:108) [arquillian-container-test-impl-base-1.1.2.Final-wildfly-1.jar:1.1.2.Final-wildfly-1]
	at sun.reflect.NativeMethodAccessorImpl.invoke0(Native Method) ~[na:1.8.0_11]
	at sun.reflect.NativeMethodAccessorImpl.invoke(NativeMethodAccessorImpl.java:62) ~[na:1.8.0_11]
	at sun.reflect.DelegatingMethodAccessorImpl.invoke(DelegatingMethodAccessorImpl.java:43) ~[na:1.8.0_11]
	at java.lang.reflect.Method.invoke(Method.java:483) ~[na:1.8.0_11]
	at org.jboss.arquillian.core.impl.ObserverImpl.invoke(ObserverImpl.java:94) [arquillian-core-impl-base-1.1.2.Final-wildfly-1.jar:1.1.2.Final-wildfly-1]
	at org.jboss.arquillian.core.impl.EventContextImpl.invokeObservers(EventContextImpl.java:99) [arquillian-core-impl-base-1.1.2.Final-wildfly-1.jar:1.1.2.Final-wildfly-1]
	at org.jboss.arquillian.core.impl.EventContextImpl.proceed(EventContextImpl.java:81) [arquillian-core-impl-base-1.1.2.Final-wildfly-1.jar:1.1.2.Final-wildfly-1]
	at org.jboss.arquillian.test.impl.TestContextHandler.createClassContext(TestContextHandler.java:84) [arquillian-test-impl-base-1.1.2.Final-wildfly-1.jar:1.1.2.Final-wildfly-1]
	at sun.reflect.NativeMethodAccessorImpl.invoke0(Native Method) ~[na:1.8.0_11]
	at sun.reflect.NativeMethodAccessorImpl.invoke(NativeMethodAccessorImpl.java:62) ~[na:1.8.0_11]
	at sun.reflect.DelegatingMethodAccessorImpl.invoke(DelegatingMethodAccessorImpl.java:43) ~[na:1.8.0_11]
	at java.lang.reflect.Method.invoke(Method.java:483) ~[na:1.8.0_11]
	at org.jboss.arquillian.core.impl.ObserverImpl.invoke(ObserverImpl.java:94) [arquillian-core-impl-base-1.1.2.Final-wildfly-1.jar:1.1.2.Final-wildfly-1]
	at org.jboss.arquillian.core.impl.EventContextImpl.proceed(EventContextImpl.java:88) [arquillian-core-impl-base-1.1.2.Final-wildfly-1.jar:1.1.2.Final-wildfly-1]
	at org.jboss.arquillian.test.impl.TestContextHandler.createSuiteContext(TestContextHandler.java:65) [arquillian-test-impl-base-1.1.2.Final-wildfly-1.jar:1.1.2.Final-wildfly-1]
	at sun.reflect.NativeMethodAccessorImpl.invoke0(Native Method) ~[na:1.8.0_11]
	at sun.reflect.NativeMethodAccessorImpl.invoke(NativeMethodAccessorImpl.java:62) ~[na:1.8.0_11]
	at sun.reflect.DelegatingMethodAccessorImpl.invoke(DelegatingMethodAccessorImpl.java:43) ~[na:1.8.0_11]
	at java.lang.reflect.Method.invoke(Method.java:483) ~[na:1.8.0_11]
	at org.jboss.arquillian.core.impl.ObserverImpl.invoke(ObserverImpl.java:94) [arquillian-core-impl-base-1.1.2.Final-wildfly-1.jar:1.1.2.Final-wildfly-1]
	at org.jboss.arquillian.core.impl.EventContextImpl.proceed(EventContextImpl.java:88) [arquillian-core-impl-base-1.1.2.Final-wildfly-1.jar:1.1.2.Final-wildfly-1]
	at org.jboss.arquillian.core.impl.ManagerImpl.fire(ManagerImpl.java:135) [arquillian-core-impl-base-1.1.2.Final-wildfly-1.jar:1.1.2.Final-wildfly-1]
	at org.jboss.arquillian.core.impl.ManagerImpl.fire(ManagerImpl.java:115) [arquillian-core-impl-base-1.1.2.Final-wildfly-1.jar:1.1.2.Final-wildfly-1]
	at org.jboss.arquillian.test.impl.EventTestRunnerAdaptor.afterClass(EventTestRunnerAdaptor.java:87) [arquillian-test-impl-base-1.1.2.Final-wildfly-1.jar:1.1.2.Final-wildfly-1]
	at org.jboss.arquillian.junit.Arquillian$3$1.evaluate(Arquillian.java:204) [arquillian-junit-core-1.1.2.Final-wildfly-1.jar:1.1.2.Final-wildfly-1]
	at org.jboss.arquillian.junit.Arquillian.multiExecute(Arquillian.java:314) [arquillian-junit-core-1.1.2.Final-wildfly-1.jar:1.1.2.Final-wildfly-1]
	at org.jboss.arquillian.junit.Arquillian.access$100(Arquillian.java:46) [arquillian-junit-core-1.1.2.Final-wildfly-1.jar:1.1.2.Final-wildfly-1]
	at org.jboss.arquillian.junit.Arquillian$3.evaluate(Arquillian.java:199) [arquillian-junit-core-1.1.2.Final-wildfly-1.jar:1.1.2.Final-wildfly-1]
	at org.junit.runners.ParentRunner.run(ParentRunner.java:309) [junit-4.11.jar:na]
	at org.jboss.arquillian.junit.Arquillian.run(Arquillian.java:147) [arquillian-junit-core-1.1.2.Final-wildfly-1.jar:1.1.2.Final-wildfly-1]
	at org.apache.maven.surefire.junit4.JUnit4Provider.execute(JUnit4Provider.java:236) [surefire-junit4-2.12.jar:2.12]
	at org.apache.maven.surefire.junit4.JUnit4Provider.executeTestSet(JUnit4Provider.java:134) [surefire-junit4-2.12.jar:2.12]
	at org.apache.maven.surefire.junit4.JUnit4Provider.invoke(JUnit4Provider.java:113) [surefire-junit4-2.12.jar:2.12]
	at sun.reflect.NativeMethodAccessorImpl.invoke0(Native Method) ~[na:1.8.0_11]
	at sun.reflect.NativeMethodAccessorImpl.invoke(NativeMethodAccessorImpl.java:62) ~[na:1.8.0_11]
	at sun.reflect.DelegatingMethodAccessorImpl.invoke(DelegatingMethodAccessorImpl.java:43) ~[na:1.8.0_11]
	at java.lang.reflect.Method.invoke(Method.java:483) ~[na:1.8.0_11]
	at org.apache.maven.surefire.util.ReflectionUtils.invokeMethodWithArray(ReflectionUtils.java:189) [surefire-api-2.12.jar:2.12]
	at org.apache.maven.surefire.booter.ProviderFactory$ProviderProxy.invoke(ProviderFactory.java:165) [surefire-booter-2.12.jar:2.12]
	at org.apache.maven.surefire.booter.ProviderFactory.invokeProvider(ProviderFactory.java:85) [surefire-booter-2.12.jar:2.12]
	at org.apache.maven.surefire.booter.ForkedBooter.runSuitesInProcess(ForkedBooter.java:103) [surefire-booter-2.12.jar:2.12]
	at org.apache.maven.surefire.booter.ForkedBooter.main(ForkedBooter.java:74) [surefire-booter-2.12.jar:2.12]
Caused by: java.lang.Exception: &quot;JBAS014807: Management resource &apos;[(\&quot;deployment\&quot; =&gt; \&quot;test.war\&quot;)]&apos; not found&quot;
	at org.jboss.as.controller.client.helpers.standalone.impl.ServerDeploymentPlanResultFuture.getActionResult(ServerDeploymentPlanResultFuture.java:134) ~[wildfly-controller-client-8.1.0.Final.jar:8.1.0.Final]
	at org.jboss.as.controller.client.helpers.standalone.impl.ServerDeploymentPlanResultFuture.getResultFromNode(ServerDeploymentPlanResultFuture.java:123) ~[wildfly-controller-client-8.1.0.Final.jar:8.1.0.Final]
	at org.jboss.as.controller.client.helpers.standalone.impl.ServerDeploymentPlanResultFuture.get(ServerDeploymentPlanResultFuture.java:85) ~[wildfly-controller-client-8.1.0.Final.jar:8.1.0.Final]
	at org.jboss.as.controller.client.helpers.standalone.impl.ServerDeploymentPlanResultFuture.get(ServerDeploymentPlanResultFuture.java:42) ~[wildfly-controller-client-8.1.0.Final.jar:8.1.0.Final]
	at org.jboss.as.controller.client.helpers.standalone.ServerDeploymentHelper.undeploy(ServerDeploymentHelper.java:107) ~[wildfly-controller-client-8.1.0.Final.jar:8.1.0.Final]
	... 88 common frames omitted
</system-out>
    <system-err>Aug 23, 2014 9:30:15 PM org.jboss.arquillian.container.impl.MapObject populate
WARNING: Configuration contain properties not supported by the backing object org.jboss.as.arquillian.container.remote.RemoteContainerConfiguration
Unused property entries: {outputToConsole=true, javaVmArguments=-Xms1024m -Xmx1024m -XX:MaxPermSize=512m 
            		, jbossHome=${JBOSS_HOME}}
Supported property names: [managementAddress, password, managementPort, managementProtocol, username]
</system-err>
  </testcase>
</testsuite>